Start testing: Jun 06 06:38 Pakistan Standard Time
----------------------------------------------------------
1/1 Testing: curl_fo_tests
1/1 Test: curl_fo_tests
Command: "D:/Code/idrto/curl_fo/build-msys/curl_fo_tests.exe"
Directory: D:/Code/idrto/curl_fo/build-msys
"curl_fo_tests" start time: Jun 06 06:38 Pakistan Standard Time
Output:
----------------------------------------------------------
All tests passed.
<end of output>
Test time =   2.19 sec
----------------------------------------------------------
Test Passed.
"curl_fo_tests" end time: Jun 06 06:38 Pakistan Standard Time
"curl_fo_tests" time elapsed: 00:00:02
----------------------------------------------------------

End testing: Jun 06 06:38 Pakistan Standard Time
